<?xml version="1.0" encoding="UTF-8"?>
<testng-results ignored="0" total="1" passed="1" failed="0" skipped="0">
  <reporter-output>
  </reporter-output>
  <suite started-at="2025-02-15T10:08:41 CAT" name="Default suite" finished-at="2025-02-15T10:08:47 CAT" duration-ms="6606">
    <groups>
    </groups>
    <test started-at="2025-02-15T10:08:41 CAT" name="Default test" finished-at="2025-02-15T10:08:47 CAT" duration-ms="6606">
      <class name="TestCases.ReadAllUserAccounts">
        <test-method signature="readAllUserAccounts()[pri:0, instance:TestCases.ReadAllUserAccounts@75d4a5c2]" started-at="2025-02-15T10:08:41 CAT" name="readAllUserAccounts" finished-at="2025-02-15T10:08:47 CAT" duration-ms="6515" status="PASS">
          <reporter-output>
          </reporter-output>
        </test-method> <!-- readAllUserAccounts -->
      </class> <!-- TestCases.ReadAllUserAccounts -->
    </test> <!-- Default test -->
  </suite> <!-- Default suite -->
</testng-results>
